[3, 0, 0, 4, 5, 6, 0, 0, 0, 1] [3, 0, 0, 4, 5, 6, 0, 0, 0, 1] 5 5
7 16 0 4 5
1 1 0 1 [1] [1, 0, 0, 2, 0, 0, 3, 0, 0, 4, 5, 6, 0, 0, 0, 1]
0
7 16 0 4 5
0 1 1 0 [0] [1, 0, 0, 2, 0, 0, 3, 0, 0, 4, 5, 6, 0, 0, 0, 1]
0
7 16 0 4 5
0 1 2 0 [0] [1, 0, 0, 2, 0, 0, 3, 0, 0, 4, 5, 6, 0, 0, 0, 1]
0
7 16 0 4 5
2 2 3 2 [2] [1, 0, 0, 2, 0, 0, 3, 0, 0, 4, 5, 6, 0, 0, 0, 1]
3
7 16 0 4 5
0 2 4 0 [0] [1, 0, 0, 2, 0, 0, 3, 0, 0, 4, 5, 6, 0, 0, 0, 1]
3
7 16 0 4 5
0 2 5 0 [0] [1, 0, 0, 2, 0, 0, 3, 0, 0, 4, 5, 6, 0, 0, 0, 1]
3
7 16 0 4 5
3 3 6 3 [3] [1, 0, 0, 2, 0, 0, 3, 0, 0, 4, 5, 6, 0, 0, 0, 1]
6
3 9 0 3 3
0 0 0 0 [0] [0, 0, 4, 5, 6, 0, 0, 0, 1]
-1
3 9 0 3 3
0 0 1 0 [0] [0, 0, 4, 5, 6, 0, 0, 0, 1]
-1
3 9 0 3 3
4 4 2 4 [4] [0, 0, 4, 5, 6, 0, 0, 0, 1]
2
[5, 6, 0, 0, 0, 1] [5, 6, 0, 0, 0, 1] 3 3
1 6 2 0 3
0 0 2 5 [0, 5, 6] [5, 6, 0, 0, 0, 1]
-1
0
